# JRE version: Java(TM) SE Runtime Environment (8.0_171-b11) (build 1.8.0_171-b11)
# Java VM: Java HotSpot(TM) 64-Bit Server VM (25.171-b11 mixed mode windows-amd64 compressed oops)
Heap:
 PSYoungGen      total 98304K, used 66135K [0x00000000d5f80000, 0x00000000deb80000, 0x0000000100000000)
  eden space 93184K, 65% used [0x00000000d5f80000,0x00000000d9b1bfa0,0x00000000dba80000)
  from space 5120K, 99% used [0x00000000de680000,0x00000000deb79e60,0x00000000deb80000)
  to   space 5120K, 0% used [0x00000000de180000,0x00000000de180000,0x00000000de680000)
 ParOldGen       total 67072K, used 15093K [0x0000000081e00000, 0x0000000085f80000, 0x00000000d5f80000)
  object space 67072K, 22% used [0x0000000081e00000,0x0000000082cbd790,0x0000000085f80000)
 Metaspace       used 28765K, capacity 29112K, committed 29312K, reserved 1075200K
  class space    used 3589K, capacity 3673K, committed 3712K, reserved 1048576K
GC Heap History (10 events):
Event: 0.618 GC heap before
{Heap before GC invocations=1 (full 0):
 PSYoungGen      total 38400K, used 33280K [0x00000000d5f80000, 0x00000000d8a00000, 0x0000000100000000)
  eden space 33280K, 100% used [0x00000000d5f80000,0x00000000d8000000,0x00000000d8000000)
  from space 5120K, 0% used [0x00000000d8500000,0x00000000d8500000,0x00000000d8a00000)
  to   space 5120K, 0% used [0x00000000d8000000,0x00000000d8000000,0x00000000d8500000)
 ParOldGen       total 87552K, used 0K [0x0000000081e00000, 0x0000000087380000, 0x00000000d5f80000)
  object space 87552K, 0% used [0x0000000081e00000,0x0000000081e00000,0x0000000087380000)
 Metaspace       used 10046K, capacity 10242K, committed 10368K, reserved 1058816K
  class space    used 1257K, capacity 1303K, committed 1408K, reserved 1048576K
Event: 0.626 GC heap after
Heap after GC invocations=1 (full 0):
 PSYoungGen      total 38400K, used 5105K [0x00000000d5f80000, 0x00000000daa80000, 0x0000000100000000)
  eden space 33280K, 0% used [0x00000000d5f80000,0x00000000d5f80000,0x00000000d8000000)
  from space 5120K, 99% used [0x00000000d8000000,0x00000000d84fc540,0x00000000d8500000)
  to   space 5120K, 0% used [0x00000000da580000,0x00000000da580000,0x00000000daa80000)
 ParOldGen       total 87552K, used 1224K [0x0000000081e00000, 0x0000000087380000, 0x00000000d5f80000)
  object space 87552K, 1% used [0x0000000081e00000,0x0000000081f32250,0x0000000087380000)
 Metaspace       used 10046K, capacity 10242K, committed 10368K, reserved 1058816K
  class space    used 1257K, capacity 1303K, committed 1408K, reserved 1048576K
}
Event: 0.888 GC heap before
{Heap before GC invocations=2 (full 0):
 PSYoungGen      total 38400K, used 38385K [0x00000000d5f80000, 0x00000000daa80000, 0x0000000100000000)
  eden space 33280K, 100% used [0x00000000d5f80000,0x00000000d8000000,0x00000000d8000000)
  from space 5120K, 99% used [0x00000000d8000000,0x00000000d84fc540,0x00000000d8500000)
  to   space 5120K, 0% used [0x00000000da580000,0x00000000da580000,0x00000000daa80000)
 ParOldGen       total 87552K, used 1224K [0x0000000081e00000, 0x0000000087380000, 0x00000000d5f80000)
  object space 87552K, 1% used [0x0000000081e00000,0x0000000081f32250,0x0000000087380000)
 Metaspace       used 15137K, capacity 15366K, committed 15488K, reserved 1062912K
  class space    used 1861K, capacity 1901K, committed 1920K, reserved 1048576K
Event: 0.894 GC heap after
Heap after GC invocations=2 (full 0):
 PSYoungGen      total 71680K, used 5112K [0x00000000d5f80000, 0x00000000daa80000, 0x0000000100000000)
  eden space 66560K, 0% used [0x00000000d5f80000,0x00000000d5f80000,0x00000000da080000)
  from space 5120K, 99% used [0x00000000da580000,0x00000000daa7e0b8,0x00000000daa80000)
  to   space 5120K, 0% used [0x00000000da080000,0x00000000da080000,0x00000000da580000)
 ParOldGen       total 87552K, used 3454K [0x0000000081e00000, 0x0000000087380000, 0x00000000d5f80000)
  object space 87552K, 3% used [0x0000000081e00000,0x000000008215fa80,0x0000000087380000)
 Metaspace       used 15137K, capacity 15366K, committed 15488K, reserved 1062912K
  class space    used 1861K, capacity 1901K, committed 1920K, reserved 1048576K
}
Event: 1.456 GC heap before
{Heap before GC invocations=3 (full 0):
 PSYoungGen      total 71680K, used 57354K [0x00000000d5f80000, 0x00000000daa80000, 0x0000000100000000)
  eden space 66560K, 78% used [0x00000000d5f80000,0x00000000d92849c8,0x00000000da080000)
  from space 5120K, 99% used [0x00000000da580000,0x00000000daa7e0b8,0x00000000daa80000)
  to   space 5120K, 0% used [0x00000000da080000,0x00000000da080000,0x00000000da580000)
 ParOldGen       total 87552K, used 3454K [0x0000000081e00000, 0x0000000087380000, 0x00000000d5f80000)
  object space 87552K, 3% used [0x0000000081e00000,0x000000008215fa80,0x0000000087380000)
 Metaspace       used 20842K, capacity 21144K, committed 21296K, reserved 1069056K
  class space    used 2569K, capacity 2669K, committed 2688K, reserved 1048576K
Event: 1.466 GC heap after
Heap after GC invocations=3 (full 0):
 PSYoungGen      total 71680K, used 5096K [0x00000000d5f80000, 0x00000000deb80000, 0x0000000100000000)
  eden space 66560K, 0% used [0x00000000d5f80000,0x00000000d5f80000,0x00000000da080000)
  from space 5120K, 99% used [0x00000000da080000,0x00000000da57a040,0x00000000da580000)
  to   space 5120K, 0% used [0x00000000de680000,0x00000000de680000,0x00000000deb80000)
 ParOldGen       total 87552K, used 7934K [0x0000000081e00000, 0x0000000087380000, 0x00000000d5f80000)
  object space 87552K, 9% used [0x0000000081e00000,0x00000000825bf878,0x0000000087380000)
 Metaspace       used 20842K, capacity 21144K, committed 21296K, reserved 1069056K
  class space    used 2569K, capacity 2669K, committed 2688K, reserved 1048576K
}
Event: 1.466 GC heap before
{Heap before GC invocations=4 (full 1):
 PSYoungGen      total 71680K, used 5096K [0x00000000d5f80000, 0x00000000deb80000, 0x0000000100000000)
  eden space 66560K, 0% used [0x00000000d5f80000,0x00000000d5f80000,0x00000000da080000)
  from space 5120K, 99% used [0x00000000da080000,0x00000000da57a040,0x00000000da580000)
  to   space 5120K, 0% used [0x00000000de680000,0x00000000de680000,0x00000000deb80000)
 ParOldGen       total 87552K, used 7934K [0x0000000081e00000, 0x0000000087380000, 0x00000000d5f80000)
  object space 87552K, 9% used [0x0000000081e00000,0x00000000825bf878,0x0000000087380000)
 Metaspace       used 20842K, capacity 21144K, committed 21296K, reserved 1069056K
  class space    used 2569K, capacity 2669K, committed 2688K, reserved 1048576K
Event: 1.501 GC heap after
Heap after GC invocations=4 (full 1):
 PSYoungGen      total 71680K, used 0K [0x00000000d5f80000, 0x00000000deb80000, 0x0000000100000000)
  eden space 66560K, 0% used [0x00000000d5f80000,0x00000000d5f80000,0x00000000da080000)
  from space 5120K, 0% used [0x00000000da080000,0x00000000da080000,0x00000000da580000)
  to   space 5120K, 0% used [0x00000000de680000,0x00000000de680000,0x00000000deb80000)
 ParOldGen       total 67072K, used 9360K [0x0000000081e00000, 0x0000000085f80000, 0x00000000d5f80000)
  object space 67072K, 13% used [0x0000000081e00000,0x00000000827243a0,0x0000000085f80000)
 Metaspace       used 20842K, capacity 21144K, committed 21296K, reserved 1069056K
  class space    used 2569K, capacity 2669K, committed 2688K, reserved 1048576K
}
Event: 2.263 GC heap before
{Heap before GC invocations=5 (full 1):
 PSYoungGen      total 71680K, used 66560K [0x00000000d5f80000, 0x00000000deb80000, 0x0000000100000000)
  eden space 66560K, 100% used [0x00000000d5f80000,0x00000000da080000,0x00000000da080000)
  from space 5120K, 0% used [0x00000000da080000,0x00000000da080000,0x00000000da580000)
  to   space 5120K, 0% used [0x00000000de680000,0x00000000de680000,0x00000000deb80000)
 ParOldGen       total 67072K, used 9360K [0x0000000081e00000, 0x0000000085f80000, 0x00000000d5f80000)
  object space 67072K, 13% used [0x0000000081e00000,0x00000000827243a0,0x0000000085f80000)
 Metaspace       used 26485K, capacity 26818K, committed 27008K, reserved 1073152K
  class space    used 3291K, capacity 3380K, committed 3456K, reserved 1048576K
Event: 2.273 GC heap after
Heap after GC invocations=5 (full 1):
 PSYoungGen      total 98304K, used 5095K [0x00000000d5f80000, 0x00000000deb80000, 0x0000000100000000)
  eden space 93184K, 0% used [0x00000000d5f80000,0x00000000d5f80000,0x00000000dba80000)
  from space 5120K, 99% used [0x00000000de680000,0x00000000deb79e60,0x00000000deb80000)
  to   space 5120K, 0% used [0x00000000de180000,0x00000000de180000,0x00000000de680000)
 ParOldGen       total 67072K, used 15093K [0x0000000081e00000, 0x0000000085f80000, 0x00000000d5f80000)
  object space 67072K, 22% used [0x0000000081e00000,0x0000000082cbd790,0x0000000085f80000)
 Metaspace       used 26485K, capacity 26818K, committed 27008K, reserved 1073152K
  class space    used 3291K, capacity 3380K, committed 3456K, reserved 1048576K
}

